android/app/seeds.txt
com.mehdiii.duelgame.BuildConfig
com.mehdiii.duelgame.BuildConfig: boolean DEBUG
com.mehdiii.duelgame.BuildConfig: java.lang.String APPLICATION_ID
com.mehdiii.duelgame.BuildConfig: java.lang.String BUILD_TYPE
com.mehdiii.duelgame.BuildConfig: java.lang.String FLAVOR
com.mehdiii.duelgame.BuildConfig: int VERSION_CODE
com.mehdiii.duelgame.BuildConfig: java.lang.String VERSION_NAME
com.mehdiii.duelgame.BuildConfig: BuildConfig()
com.mehdiii.duelgame.DuelApp
com.mehdiii.duelgame.DuelApp: java.lang.String PROPERTY_ID
com.mehdiii.duelgame.DuelApp: java.lang.String TAG
com.mehdiii.duelgame.DuelApp: de.tavendo.autobahn.WebSocketConnection wsc
com.mehdiii.duelgame.DuelApp: java.lang.String wsuri
com.mehdiii.duelgame.DuelApp: java.lang.String PROPERTY_REG_ID
com.mehdiii.duelgame.DuelApp: DuelApp()
com.mehdiii.duelgame.DuelApp: void onCreate()
com.mehdiii.duelgame.DuelApp: boolean isConnected()
com.mehdiii.duelgame.DuelApp: void connectToWs()
com.mehdiii.duelgame.DuelApp: void disconnect()
com.mehdiii.duelgame.DuelApp: void dispatchMessage(java.lang.String)
com.mehdiii.duelgame.DuelApp: android.content.IntentFilter getIntentFilter()
com.mehdiii.duelgame.DuelApp: void sendMessage(java.lang.String)
com.mehdiii.duelgame.DuelApp: void sendMessageWithDelivery(com.mehdiii.duelgame.models.base.BaseModel,com.mehdiii.duelgame.utils.OnMessageReceivedListener)
com.mehdiii.duelgame.DuelApp: de.tavendo.autobahn.WebSocketConnection getSocket()
com.mehdiii.duelgame.DuelApp: com.mehdiii.duelgame.DuelApp getInstance()
com.mehdiii.duelgame.DuelApp: void toast(int,int)
com.mehdiii.duelgame.DuelApp: com.google.android.gms.analytics.Tracker getTracker(com.mehdiii.duelgame.DuelApp$TrackerName)
com.mehdiii.duelgame.DuelApp: java.lang.String getRegistrationId(android.content.Context)
com.mehdiii.duelgame.DuelApp: int getAppVersion(android.content.Context)
com.mehdiii.duelgame.DuelApp$TrackerName
com.mehdiii.duelgame.DuelApp$TrackerName: com.mehdiii.duelgame.DuelApp$TrackerName APP_TRACKER
com.mehdiii.duelgame.DuelApp$TrackerName: com.mehdiii.duelgame.DuelApp$TrackerName GLOBAL_TRACKER
com.mehdiii.duelgame.DuelApp$TrackerName: com.mehdiii.duelgame.DuelApp$TrackerName ECOMMERCE_TRACKER
com.mehdiii.duelgame.DuelApp$TrackerName: com.mehdiii.duelgame.DuelApp$TrackerName[] values()
com.mehdiii.duelgame.DuelApp$TrackerName: com.mehdiii.duelgame.DuelApp$TrackerName valueOf(java.lang.String)
com.mehdiii.duelgame.Manifest
com.mehdiii.duelgame.Manifest: Manifest()
com.mehdiii.duelgame.Manifest$permission
com.mehdiii.duelgame.Manifest$permission: java.lang.String C2D_MESSAGE
com.mehdiii.duelgame.Manifest$permission: Manifest$permission()
com.mehdiii.duelgame.MusicPlayer
com.mehdiii.duelgame.MusicPlayer: MusicPlayer()
com.mehdiii.duelgame.MusicPlayer: android.os.IBinder onBind(android.content.Intent)
com.mehdiii.duelgame.MusicPlayer: void onCreate()
com.mehdiii.duelgame.MusicPlayer: int onStartCommand(android.content.Intent,int,int)
com.mehdiii.duelgame.MusicPlayer: void onDestroy()
com.mehdiii.duelgame.OnMessageDelivered
com.mehdiii.duelgame.OnMessageDelivered: void onDeliver(com.mehdiii.duelgame.models.base.DeliveryMessage)
com.mehdiii.duelgame.R
com.mehdiii.duelgame.R: R()
com.mehdiii.duelgame.R$anim
com.mehdiii.duelgame.R$anim: int abc_fade_in
com.mehdiii.duelgame.R$anim: int abc_fade_out
com.mehdiii.duelgame.R$anim: int abc_grow_fade_in_from_bottom
com.mehdiii.duelgame.R$anim: int abc_popup_enter
com.mehdiii.duelgame.R$anim: int abc_popup_exit
com.mehdiii.duelgame.R$anim: int abc_shrink_fade_out_from_bottom
com.mehdiii.duelgame.R$anim: int abc_slide_in_bottom
com.mehdiii.duelgame.R$anim: int abc_slide_in_top
com.mehdiii.duelgame.R$anim: int abc_slide_out_bottom
com.mehdiii.duelgame.R$anim: int abc_slide_out_top
com.mehdiii.duelgame.R$anim: R$anim()
...
com.google.android.gms.maps.internal.z
com.google.android.gms.maps.internal.z: z()
com.google.android.gms.maps.internal.z: com.google.android.gms.maps.internal.y cZ(android.os.Parcel)
com.google.android.gms.maps.internal.z: com.google.android.gms.maps.internal.y[] eV(int)
com.google.android.gms.maps.internal.z: java.lang.Object[] newArray(int)
com.google.android.gms.maps.internal.z: java.lang.Object createFromParcel(android.os.Parcel)
com.google.android.gms.maps.model.BitmapDescriptor
com.google.android.gms.maps.model.BitmapDescriptor: BitmapDescriptor(com.google.android.gms.dynamic.d)
com.google.android.gms.maps.model.BitmapDescriptor: com.google.android.gms.dynamic.d nA()
com.google.android.gms.maps.model.BitmapDescriptorFactory
com.google.android.gms.maps.model.BitmapDescriptorFactory: float HUE_RED
com.google.android.gms.maps.model.BitmapDescriptorFactory: float HUE_ORANGE
com.google.android.gms.maps.model.BitmapDescriptorFactory: float HUE_YELLOW
com.google.android.gms.maps.model.BitmapDescriptorFactory: float HUE_GREEN
com.google.android.gms.maps.model.BitmapDescriptorFactory: float HUE_CYAN
com.google.android.gms.maps.model.BitmapDescriptorFactory: float HUE_AZURE
com.google.android.gms.maps.model.BitmapDescriptorFactory: float HUE_BLUE
com.google.android.gms.maps.model.BitmapDescriptorFactory: float HUE_VIOLET
com.google.android.gms.maps.model.BitmapDescriptorFactory: float HUE_MAGENTA
com.google.android.gms.maps.model.BitmapDescriptorFactory: float HUE_ROSE
com.google.android.gms.maps.model.BitmapDescriptorFactory: void a(com.google.android.gms.maps.model.internal.g)
com.google.android.gms.maps.model.BitmapDescriptorFactory: com.google.android.gms.maps.model.BitmapDescriptor fromResource(int)
com.google.android.gms.maps.model.BitmapDescriptorFactory: com.google.android.gms.maps.model.BitmapDescriptor fromAsset(java.lang.String)
com.google.android.gms.maps.model.BitmapDescriptorFactory: com.google.android.gms.maps.model.BitmapDescriptor fromFile(java.lang.String)
com.google.android.gms.maps.model.BitmapDescriptorFactory: com.google.android.gms.maps.model.BitmapDescriptor fromPath(java.lang.String)
com.google.android.gms.maps.model.CameraPosition
com.google.android.gms.maps.model.CameraPosition: com.google.android.gms.maps.model.a CREATOR
com.google.android.gms.maps.model.CameraPosition: com.google.android.gms.maps.model.LatLng target
com.google.android.gms.maps.model.CameraPosition: float zoom
com.google.android.gms.maps.model.CameraPosition: float tilt
com.google.android.gms.maps.model.CameraPosition: float bearing
com.google.android.gms.maps.model.CameraPosition: CameraPosition(com.google.android.gms.maps.model.LatLng,float,float,float)
com.google.android.gms.maps.model.CameraPosition: void writeToParcel(android.os.Parcel,int)
com.google.android.gms.maps.model.CameraPosition: int describeContents()
com.google.android.gms.maps.model.CameraPosition: int hashCode()
com.google.android.gms.maps.model.CameraPosition: com.google.android.gms.maps.model.CameraPosition fromLatLngZoom(com.google.android.gms.maps.model.LatLng,float)
com.google.android.gms.maps.model.CameraPosition: com.google.android.gms.maps.model.CameraPosition$Builder builder()
com.google.android.gms.maps.model.CameraPosition: com.google.android.gms.maps.model.CameraPosition$Builder builder(com.google.android.gms.maps.model.CameraPosition)
com.google.android.gms.maps.model.CameraPosition: boolean equals(java.lang.Object)
com.google.android.gms.maps.model.CameraPosition: java.lang.String toString()