android/app/mapping.txt
com.mehdiii.duelgame.BuildConfig -> com.mehdiii.duelgame.BuildConfig:
    boolean DEBUG -> DEBUG
    java.lang.String APPLICATION_ID -> APPLICATION_ID
    java.lang.String BUILD_TYPE -> BUILD_TYPE
    java.lang.String FLAVOR -> FLAVOR
    int VERSION_CODE -> VERSION_CODE
    java.lang.String VERSION_NAME -> VERSION_NAME
    6:6:void <init>() -> <init>
com.mehdiii.duelgame.DuelApp -> com.mehdiii.duelgame.DuelApp:
    java.lang.String PROPERTY_ID -> PROPERTY_ID
    java.lang.String TAG -> TAG
    com.mehdiii.duelgame.DuelApp instance -> c
    de.tavendo.autobahn.WebSocketConnection wsc -> wsc
    java.util.Map pendingMessages -> a
    java.lang.String wsuri -> wsuri
    java.lang.String PROPERTY_REG_ID -> PROPERTY_REG_ID
    java.util.HashMap mTrackers -> b
    int resumedActivities -> d
    38:182:void <init>() -> <init>
    54:65:void onCreate() -> onCreate
    68:68:boolean isConnected() -> isConnected
    73:96:void connectToWs() -> connectToWs
    99:101:void disconnect() -> disconnect
    109:117:void dispatchMessage(java.lang.String) -> dispatchMessage
    120:120:android.content.IntentFilter getIntentFilter() -> getIntentFilter
    124:134:void sendMessage(java.lang.String) -> sendMessage
    145:147:void sendMessageWithDelivery(com.mehdiii.duelgame.models.base.BaseModel,com.mehdiii.duelgame.utils.OnMessageReceivedListener) -> sendMessageWithDelivery
    150:150:de.tavendo.autobahn.WebSocketConnection getSocket() -> getSocket
    154:154:com.mehdiii.duelgame.DuelApp getInstance() -> getInstance
    164:167:void toast(int,int) -> toast
    185:193:com.google.android.gms.analytics.Tracker getTracker(com.mehdiii.duelgame.DuelApp$TrackerName) -> getTracker
    197:201:void initGA() -> a
    213:228:java.lang.String getRegistrationId(android.content.Context) -> getRegistrationId
com.mehdiii.duelgame.DuelApp$1 -> bxx:
    com.mehdiii.duelgame.DuelApp this$0 -> a
    74:74:void <init>(com.mehdiii.duelgame.DuelApp) -> <init>
    77:79:void onOpen() -> onOpen
    83:85:void onTextMessage(java.lang.String) -> onTextMessage
    89:91:void onClose(int,java.lang.String) -> onClose
com.mehdiii.duelgame.DuelApp$TrackerName -> com.mehdiii.duelgame.DuelApp$TrackerName:
    com.mehdiii.duelgame.DuelApp$TrackerName APP_TRACKER -> APP_TRACKER
    com.mehdiii.duelgame.DuelApp$TrackerName GLOBAL_TRACKER -> GLOBAL_TRACKER
    com.mehdiii.duelgame.DuelApp$TrackerName ECOMMERCE_TRACKER -> ECOMMERCE_TRACKER
    com.mehdiii.duelgame.DuelApp$TrackerName[] $VALUES -> a
    176:176:com.mehdiii.duelgame.DuelApp$TrackerName[] values() -> values
    176:176:com.mehdiii.duelgame.DuelApp$TrackerName valueOf(java.lang.String) -> valueOf
    176:176:void <init>(java.lang.String,int) -> <init>
    176:179:void <clinit>() -> <clinit>
com.mehdiii.duelgame.Manifest -> com.mehdiii.duelgame.Manifest:
    10:11:void <init>() -> <init>
com.mehdiii.duelgame.Manifest$permission -> com.mehdiii.duelgame.Manifest$permission:
    java.lang.String C2D_MESSAGE -> C2D_MESSAGE
    11:11:void <init>() -> <init>
com.mehdiii.duelgame.MusicPlayer -> com.mehdiii.duelgame.MusicPlayer:
    android.media.MediaPlayer musicPlayer -> a
    17:19:void <init>() -> <init>
    22:22:android.os.IBinder onBind(android.content.Intent) -> onBind
    27:29:void onCreate() -> onCreate
    32:35:int onStartCommand(android.content.Intent,int,int) -> onStartCommand
    40:42:void onDestroy() -> onDestroy
com.mehdiii.duelgame.OnMessageDelivered -> com.mehdiii.duelgame.OnMessageDelivered:
    void onDeliver(com.mehdiii.duelgame.models.base.DeliveryMessage) -> onDeliver
com.mehdiii.duelgame.R -> com.mehdiii.duelgame.R:
    10:3661:void <init>() -> <init>
...
com.google.android.gms.internal.jl$g -> com.google.android.gms.internal.jl$g:
    com.google.android.gms.common.GooglePlayServicesClient$OnConnectionFailedListener MU -> a
    void <init>(com.google.android.gms.common.GooglePlayServicesClient$OnConnectionFailedListener) -> <init>
    void onConnectionFailed(com.google.android.gms.common.ConnectionResult) -> onConnectionFailed
    boolean equals(java.lang.Object) -> equals
com.google.android.gms.internal.jl$h -> com.google.android.gms.internal.jl$h:
    int statusCode -> statusCode
    android.os.Bundle MV -> MV
    android.os.IBinder MW -> MW
    com.google.android.gms.internal.jl MQ -> b
    void <init>(com.google.android.gms.internal.jl,int,android.os.IBinder,android.os.Bundle) -> <init>
    void b(java.lang.Boolean) -> b
    void hx() -> hx
    void g(java.lang.Object) -> g
com.google.android.gms.internal.jm -> com.google.android.gms.internal.jm:
    com.google.android.gms.internal.jm$b MX -> b
    java.util.ArrayList MY -> c
    java.util.ArrayList MZ -> a
    boolean Na -> d
    java.util.ArrayList Nb -> e
    android.os.Handler mHandler -> f
    void <init>(android.content.Context,android.os.Looper,com.google.android.gms.internal.jm$b) -> <init>
    void dU() -> dU
    void f(android.os.Bundle) -> f
    void aE(int) -> aE
    void b(com.google.android.gms.common.ConnectionResult) -> b
    void registerConnectionCallbacks(com.google.android.gms.common.api.GoogleApiClient$ConnectionCallbacks) -> registerConnectionCallbacks
    boolean isConnectionCallbacksRegistered(com.google.android.gms.common.api.GoogleApiClient$ConnectionCallbacks) -> isConnectionCallbacksRegistered
    void unregisterConnectionCallbacks(com.google.android.gms.common.api.GoogleApiClient$ConnectionCallbacks) -> unregisterConnectionCallbacks
    void registerConnectionFailedListener(com.google.android.gms.common.GooglePlayServicesClient$OnConnectionFailedListener) -> registerConnectionFailedListener
    boolean isConnectionFailedListenerRegistered(com.google.android.gms.common.GooglePlayServicesClient$OnConnectionFailedListener) -> isConnectionFailedListenerRegistered
    void unregisterConnectionFailedListener(com.google.android.gms.common.GooglePlayServicesClient$OnConnectionFailedListener) -> unregisterConnectionFailedListener
com.google.android.gms.internal.jm$a -> bbb:
    com.google.android.gms.internal.jm Nc -> a
    void <init>(com.google.android.gms.internal.jm,android.os.Looper) -> <init>
    void handleMessage(android.os.Message) -> handleMessage
com.google.android.gms.internal.jm$b -> com.google.android.gms.internal.jm$b:
    boolean gN() -> gN
    boolean isConnected() -> isConnected
    android.os.Bundle fX() -> fX
com.google.android.gms.internal.jn -> com.google.android.gms.internal.jn:
    java.lang.Object Nd -> a
    com.google.android.gms.internal.jn Ne -> b
    android.content.Context mO -> c
    java.util.HashMap Nf -> d
    android.os.Handler mHandler -> e
    com.google.android.gms.internal.jn J(android.content.Context) -> J
    void <init>(android.content.Context) -> <init>
    boolean a(java.lang.String,com.google.android.gms.internal.jl$f) -> a
    void b(java.lang.String,com.google.android.gms.internal.jl$f) -> b
    boolean handleMessage(android.os.Message) -> handleMessage
    java.util.HashMap a(com.google.android.gms.internal.jn) -> a
    android.content.Context b(com.google.android.gms.internal.jn) -> b
    void <clinit>() -> <clinit>