android/app/unused.txt
com.mehdiii.duelgame.DuelApp:
    private static final java.lang.String PROPERTY_APP_VERSION
com.mehdiii.duelgame.managers.HeartTracker:
    private static final int TIME_RECOVER_SINGLE_HEART_SECONDS
    private static final int DEFAULT_RESET_TIME_FLAG
    private static final java.lang.String PREFERENCE_USER_HEART
    private static final java.lang.String PREFERENCE_EXTREME_HEART
com.mehdiii.duelgame.managers.PurchaseManager:
    static final int RC_REQUEST
    int requestCode
com.mehdiii.duelgame.receivers.HeartFullyRecovered:
    private static final java.lang.String TAG
com.mehdiii.duelgame.receivers.OnBootCompletedReceiver:
    private static final java.lang.String TAG
com.mehdiii.duelgame.services.GcmIntentService:
    private static final java.lang.String NEW_APP_INTRODUCTION
com.mehdiii.duelgame.utils.Base64:
    private static final byte EQUALS_SIGN
    private static final byte NEW_LINE
    private static final byte WHITE_SPACE_ENC
    private static final byte EQUALS_SIGN_ENC
com.mehdiii.duelgame.utils.DeckManager:
    private static final int MAX_GROUP_COUNT
com.mehdiii.duelgame.utils.DeckPersister:
    private static final java.lang.String PREFERENCE_DECK
com.mehdiii.duelgame.utils.DeckSyncer:
    private static final int SYNC_CACHE_LIMIT
    63:64:private void clear()
com.mehdiii.duelgame.utils.DuelMusicPlayer:
    private static final java.lang.String PREFERENCE_VOICE
com.mehdiii.duelgame.utils.FontHelper:
    private static final java.lang.String FONT_APP_NAME
    private static final java.lang.String FONT_MENU_NAME
com.mehdiii.duelgame.utils.Inventory:
    66:66:java.util.List getAllOwnedSkus()
    80:80:java.util.List getAllPurchases()
com.mehdiii.duelgame.utils.NotificationHelper:
    private static final int LED_NOTIFICATION
com.mehdiii.duelgame.utils.ScoreHelper:
    static final int TITLE_SIZE
    static final int LEVEL_SIZE
com.mehdiii.duelgame.utils.Security:
    private static final java.lang.String TAG
    private static final java.lang.String KEY_FACTORY_ALGORITHM
    private static final java.lang.String SIGNATURE_ALGORITHM
com.mehdiii.duelgame.views.activities.ParentActivity:
    private static final int DUEL_HOUR_HOUR
    private static final int DUEL_HOUR_MINUTE
    private static final int DUEL_HOUR_SECOND
    private static final long DUEL_HOUR_INTERVAL
    static final int NUMBER_OF_AVATARS
com.mehdiii.duelgame.views.activities.flashcards.FlashCardActivity:
    private static final java.lang.String FLASH_CARD_LIST_CACHE
com.mehdiii.duelgame.views.activities.flashcards.fragments.PracticeFragment:
    private static final int ANIMATION_DURATION
com.mehdiii.duelgame.views.activities.flashcards.fragments.PracticeFragment$GestureDetector:
    private static final float SWIPE_THRESHOLD
com.mehdiii.duelgame.views.activities.home.HomeActivity:
    private static final int REQUEST_CODE_PURCHASE
    private static final int PLAY_SERVICES_RESOLUTION_REQUEST
com.mehdiii.duelgame.views.activities.splash.StartActivity:
    private static final int ANIMATION_DURATION_PER_CIRCLE_IN_MILLS
    private static final int CIRCLES_COUNT
com.mehdiii.duelgame.views.activities.waiting.WaitingActivity:
    57:84:private void translateAnimation(android.widget.LinearLayout,java.lang.String,int,int,int)
com.mehdiii.duelgame.views.activities.waiting.WaitingActivity$1
com.mehdiii.duelgame.views.custom.AppRater:
    private static final java.lang.String APP_TITLE
    private static final java.lang.String APP_PNAME
    private static final int GAME_UNTIL_PROMPT
com.mehdiii.duelgame.views.custom.AvatarViewer:
    30:31:private void setDefaultAvatar()
com.mehdiii.duelgame.views.dialogs.UpdateDialog:
    private static final java.lang.String URL
...
android.support.v4.app.ShareCompatJB:
    21:21:ShareCompatJB()
android.support.v4.app.SharedElementCallback:
    private static final java.lang.String BUNDLE_SNAPSHOT_BITMAP
    private static final java.lang.String BUNDLE_SNAPSHOT_IMAGE_SCALETYPE
    private static final java.lang.String BUNDLE_SNAPSHOT_IMAGE_MATRIX
android.support.v4.app.TaskStackBuilder:
    private static final java.lang.String TAG
android.support.v4.app.TaskStackBuilder$TaskStackBuilderImplJellybean
android.support.v4.app.TaskStackBuilderHoneycomb:
    26:26:TaskStackBuilderHoneycomb()
android.support.v4.app.TaskStackBuilderJellybean
android.support.v4.content.AsyncTaskLoader:
    static final java.lang.String TAG
    static final boolean DEBUG
android.support.v4.content.ContextCompat:
    private static final java.lang.String TAG
    private static final java.lang.String DIR_ANDROID
    private static final java.lang.String DIR_DATA
    private static final java.lang.String DIR_OBB
    private static final java.lang.String DIR_FILES
    private static final java.lang.String DIR_CACHE
android.support.v4.content.ContextCompatApi21:
    24:24:ContextCompatApi21()
android.support.v4.content.ContextCompatFroyo:
    23:23:ContextCompatFroyo()
android.support.v4.content.ContextCompatHoneycomb:
    27:27:ContextCompatHoneycomb()
android.support.v4.content.ContextCompatJellybean:
    23:23:ContextCompatJellybean()
android.support.v4.content.ContextCompatKitKat:
    23:23:ContextCompatKitKat()
android.support.v4.content.FileProvider:
    private static final java.lang.String META_DATA_FILE_PROVIDER_PATHS
    private static final java.lang.String TAG_ROOT_PATH
    private static final java.lang.String TAG_FILES_PATH
    private static final java.lang.String TAG_CACHE_PATH
    private static final java.lang.String TAG_EXTERNAL
    private static final java.lang.String ATTR_NAME
    private static final java.lang.String ATTR_PATH
android.support.v4.content.IntentCompatHoneycomb:
    22:22:IntentCompatHoneycomb()
android.support.v4.content.IntentCompatIcsMr1:
    21:21:IntentCompatIcsMr1()
android.support.v4.content.LocalBroadcastManager:
    private static final java.lang.String TAG
    private static final boolean DEBUG
    static final int MSG_EXEC_PENDING_BROADCASTS
android.support.v4.content.ModernAsyncTask:
    private static final java.lang.String LOG_TAG
    private static final int CORE_POOL_SIZE
    private static final int MAXIMUM_POOL_SIZE
    private static final int KEEP_ALIVE
    private static final int MESSAGE_POST_RESULT
    private static final int MESSAGE_POST_PROGRESS
    106:107:public static void init()
    111:112:public static void setDefaultExecutor(java.util.concurrent.Executor)
    169:169:public final android.support.v4.content.ModernAsyncTask$Status getStatus()
    321:321:public final java.lang.Object get()
    341:341:public final java.lang.Object get(long,java.util.concurrent.TimeUnit)
    371:371:public final varargs android.support.v4.content.ModernAsyncTask execute(java.lang.Object[])
    433:434:public static void execute(java.lang.Runnable)
    451:455:protected final varargs void publishProgress(java.lang.Object[])
android.support.v4.content.WakefulBroadcastReceiver:
    private static final java.lang.String EXTRA_WAKE_LOCK_ID
android.support.v4.content.res.ResourcesCompatApi21:
    24:24:ResourcesCompatApi21()
android.support.v4.content.res.ResourcesCompatIcsMr1:
    24:24:ResourcesCompatIcsMr1()
android.support.v4.graphics.BitmapCompatHoneycombMr1:
    23:23:BitmapCompatHoneycombMr1()
android.support.v4.graphics.BitmapCompatJellybeanMR2:
    20:20:BitmapCompatJellybeanMR2()
android.support.v4.graphics.BitmapCompatKitKat:
    23:23:BitmapCompatKitKat()
android.support.v4.graphics.ColorUtils:
    private static final int MIN_ALPHA_SEARCH_MAX_ITERATIONS
    private static final int MIN_ALPHA_SEARCH_PRECISION
android.support.v4.graphics.drawable.DrawableCompatApi22:
    24:24:DrawableCompatApi22()